# JRE version: OpenJDK Runtime Environment (17.0.6) (build 17.0.6+0-b2043.56-10027231)
# Java VM: OpenJDK 64-Bit Server VM (17.0.6+0-b2043.56-10027231, mixed mode, tiered, compressed oops, compressed class ptrs, g1 gc, windows-amd64)
GC Precious Log:
 CPUs: 12 total, 12 available
 Memory: 16317M
 Large Page Support: Disabled
 NUMA Support: Disabled
 Compressed Oops: Enabled (Zero based)
 Heap Region Size: 2M
 Heap Min Capacity: 8M
 Heap Initial Capacity: 256M
 Heap Max Capacity: 4080M
 Pre-touch: Disabled
 Parallel Workers: 10
 Concurrent Workers: 3
 Concurrent Refinement Workers: 10
 Periodic GC: Disabled
Heap:
 garbage-first heap   total 262144K, used 125802K [0x0000000701000000, 0x0000000800000000)
  region size 2048K, 3 young (6144K), 3 survivors (6144K)
 Metaspace       used 90420K, committed 90816K, reserved 1130496K
  class space    used 9584K, committed 9792K, reserved 1048576K
GC Heap History (20 events):
Event: 8.912 GC heap after
{Heap after GC invocations=20 (full 0):
 garbage-first heap   total 190464K, used 92761K [0x0000000701000000, 0x0000000800000000)
  region size 2048K, 3 young (6144K), 3 survivors (6144K)
 Metaspace       used 64971K, committed 65216K, reserved 1114112K
  class space    used 7249K, committed 7360K, reserved 1048576K
}
Event: 9.836 GC heap before
{Heap before GC invocations=20 (full 0):
 garbage-first heap   total 190464K, used 150105K [0x0000000701000000, 0x0000000800000000)
  region size 2048K, 31 young (63488K), 3 survivors (6144K)
 Metaspace       used 72183K, committed 72448K, reserved 1114112K
  class space    used 8004K, committed 8128K, reserved 1048576K
}
Event: 9.847 GC heap after
{Heap after GC invocations=21 (full 0):
 garbage-first heap   total 190464K, used 100841K [0x0000000701000000, 0x0000000800000000)
  region size 2048K, 4 young (8192K), 4 survivors (8192K)
 Metaspace       used 72183K, committed 72448K, reserved 1114112K
  class space    used 8004K, committed 8128K, reserved 1048576K
}
Event: 10.800 GC heap before
{Heap before GC invocations=22 (full 0):
 garbage-first heap   total 190464K, used 147945K [0x0000000701000000, 0x0000000800000000)
  region size 2048K, 28 young (57344K), 4 survivors (8192K)
 Metaspace       used 74143K, committed 74496K, reserved 1122304K
  class space    used 8170K, committed 8320K, reserved 1048576K
}
Event: 10.818 GC heap after
{Heap after GC invocations=23 (full 0):
 garbage-first heap   total 190464K, used 112431K [0x0000000701000000, 0x0000000800000000)
  region size 2048K, 4 young (8192K), 4 survivors (8192K)
 Metaspace       used 74143K, committed 74496K, reserved 1122304K
  class space    used 8170K, committed 8320K, reserved 1048576K
}
Event: 10.857 GC heap before
{Heap before GC invocations=23 (full 0):
 garbage-first heap   total 190464K, used 114479K [0x0000000701000000, 0x0000000800000000)
  region size 2048K, 5 young (10240K), 4 survivors (8192K)
 Metaspace       used 74361K, committed 74752K, reserved 1122304K
  class space    used 8205K, committed 8384K, reserved 1048576K
}
Event: 10.870 GC heap after
{Heap after GC invocations=24 (full 0):
 garbage-first heap   total 229376K, used 113087K [0x0000000701000000, 0x0000000800000000)
  region size 2048K, 1 young (2048K), 1 survivors (2048K)
 Metaspace       used 74361K, committed 74752K, reserved 1122304K
  class space    used 8205K, committed 8384K, reserved 1048576K
}
Event: 11.935 GC heap before
{Heap before GC invocations=24 (full 0):
 garbage-first heap   total 229376K, used 176575K [0x0000000701000000, 0x0000000800000000)
  region size 2048K, 32 young (65536K), 1 survivors (2048K)
 Metaspace       used 83250K, committed 83712K, reserved 1130496K
  class space    used 9135K, committed 9344K, reserved 1048576K
}
Event: 11.943 GC heap after
{Heap after GC invocations=25 (full 0):
 garbage-first heap   total 229376K, used 114493K [0x0000000701000000, 0x0000000800000000)
  region size 2048K, 2 young (4096K), 2 survivors (4096K)
 Metaspace       used 83250K, committed 83712K, reserved 1130496K
  class space    used 9135K, committed 9344K, reserved 1048576K
}
Event: 12.805 GC heap before
{Heap before GC invocations=26 (full 0):
 garbage-first heap   total 229376K, used 177981K [0x0000000701000000, 0x0000000800000000)
  region size 2048K, 34 young (69632K), 2 survivors (4096K)
 Metaspace       used 87361K, committed 87744K, reserved 1130496K
  class space    used 9425K, committed 9600K, reserved 1048576K
}
Event: 12.813 GC heap after
{Heap after GC invocations=27 (full 0):
 garbage-first heap   total 229376K, used 117033K [0x0000000701000000, 0x0000000800000000)
  region size 2048K, 4 young (8192K), 4 survivors (8192K)
 Metaspace       used 87361K, committed 87744K, reserved 1130496K
  class space    used 9425K, committed 9600K, reserved 1048576K
}
Event: 12.846 GC heap before
{Heap before GC invocations=27 (full 0):
 garbage-first heap   total 229376K, used 119081K [0x0000000701000000, 0x0000000800000000)
  region size 2048K, 5 young (10240K), 4 survivors (8192K)
 Metaspace       used 87486K, committed 87872K, reserved 1130496K
  class space    used 9425K, committed 9600K, reserved 1048576K
}
Event: 12.855 GC heap after
{Heap after GC invocations=28 (full 0):
 garbage-first heap   total 229376K, used 115112K [0x0000000701000000, 0x0000000800000000)
  region size 2048K, 1 young (2048K), 1 survivors (2048K)
 Metaspace       used 87486K, committed 87872K, reserved 1130496K
  class space    used 9425K, committed 9600K, reserved 1048576K
}
Event: 13.481 GC heap before
{Heap before GC invocations=28 (full 0):
 garbage-first heap   total 229376K, used 180648K [0x0000000701000000, 0x0000000800000000)
  region size 2048K, 33 young (67584K), 1 survivors (2048K)
 Metaspace       used 89381K, committed 89792K, reserved 1130496K
  class space    used 9529K, committed 9728K, reserved 1048576K
}
Event: 13.483 GC heap after
{Heap after GC invocations=29 (full 0):
 garbage-first heap   total 229376K, used 117858K [0x0000000701000000, 0x0000000800000000)
  region size 2048K, 2 young (4096K), 2 survivors (4096K)
 Metaspace       used 89381K, committed 89792K, reserved 1130496K
  class space    used 9529K, committed 9728K, reserved 1048576K
}
Event: 13.954 GC heap before
{Heap before GC invocations=30 (full 0):
 garbage-first heap   total 229376K, used 183394K [0x0000000701000000, 0x0000000800000000)
  region size 2048K, 34 young (69632K), 2 survivors (4096K)
 Metaspace       used 90046K, committed 90432K, reserved 1130496K
  class space    used 9554K, committed 9728K, reserved 1048576K
}
Event: 13.958 GC heap after
{Heap after GC invocations=31 (full 0):
 garbage-first heap   total 229376K, used 122122K [0x0000000701000000, 0x0000000800000000)
  region size 2048K, 4 young (8192K), 4 survivors (8192K)
 Metaspace       used 90046K, committed 90432K, reserved 1130496K
  class space    used 9554K, committed 9728K, reserved 1048576K
}
Event: 13.976 GC heap before
{Heap before GC invocations=31 (full 0):
 garbage-first heap   total 229376K, used 124170K [0x0000000701000000, 0x0000000800000000)
  region size 2048K, 5 young (10240K), 4 survivors (8192K)
 Metaspace       used 90060K, committed 90432K, reserved 1130496K
  class space    used 9556K, committed 9728K, reserved 1048576K
}
Event: 13.980 GC heap after
{Heap after GC invocations=32 (full 0):
 garbage-first heap   total 229376K, used 121940K [0x0000000701000000, 0x0000000800000000)
  region size 2048K, 1 young (2048K), 1 survivors (2048K)
 Metaspace       used 90060K, committed 90432K, reserved 1130496K
  class space    used 9556K, committed 9728K, reserved 1048576K
}
Event: 14.331 GC heap before
{Heap before GC invocations=32 (full 0):
 garbage-first heap   total 229376K, used 185428K [0x0000000701000000, 0x0000000800000000)
  region size 2048K, 32 young (65536K), 1 survivors (2048K)
 Metaspace       used 90420K, committed 90816K, reserved 1130496K
  class space    used 9584K, committed 9792K, reserved 1048576K
}

